This is LuaHBTeX, Version 1.21.0 (MiKTeX 25.3) (format=lualatex 2025.4.7)  23 APR 2025 21:53
 system commands enabled.
 file:line:error style messages enabled.
**d:/Learn/thesis/uet-graduation-latex/main
(d:/Learn/thesis/uet-graduation-latex/main.tex
LaTeX2e <2024-11-01> patch level 2
L3 programming layer <2025-01-18>
Lua module: luaotfload 2024-12-03 v3.29 Lua based OpenType font support
Lua module: lualibs 2023-07-13 v2.76 ConTeXt Lua standard libraries.
Lua module: lualibs-extended 2023-07-13 v2.76 ConTeXt Lua libraries -- extended 
collection.
luaotfload | conf : Root cache directory is "C:/Users/haida/AppData/Local/MiKTeX
/luatex-cache/generic/names".
luaotfload | init : Loading fontloader "fontloader-2023-12-28.lua" from kpse-res
olved path "D:/MikTeX/tex/luatex/luaotfload/fontloader-2023-12-28.lua".
Lua-only attribute luaotfload@noligature = 1
luaotfload | init : Context OpenType loader version 3.134
Inserting `luaotfload.node_processor' in `pre_linebreak_filter'.
Inserting `luaotfload.node_processor' in `hpack_filter'.
Inserting `luaotfload.glyph_stream' in `glyph_stream_provider'.
Inserting `luaotfload.define_font' in `define_font'.
Lua-only attribute luaotfload_color_attribute = 2
luaotfload | conf : Root cache directory is "C:/Users/haida/AppData/Local/MiKTeX
/luatex-cache/generic/names".
Inserting `luaotfload.harf.strip_prefix' in `find_opentype_file'.
Inserting `luaotfload.harf.strip_prefix' in `find_truetype_file'.
Removing  `luaotfload.glyph_stream' from `glyph_stream_provider'.
Inserting `luaotfload.harf.glyphstream' in `glyph_stream_provider'.
Inserting `luaotfload.harf.finalize_vlist' in `post_linebreak_filter'.
Inserting `luaotfload.harf.finalize_hlist' in `hpack_filter'.
Inserting `luaotfload.cleanup_files' in `wrapup_run'.
Inserting `luaotfload.harf.finalize_unicode' in `finish_pdffile'.
Inserting `luaotfload.glyphinfo' in `glyph_info'.
Lua-only attribute luaotfload.letterspace_done = 3
Inserting `luaotfload.aux.set_sscale_dimens' in `luaotfload.patch_font'.
Inserting `luaotfload.aux.set_font_index' in `luaotfload.patch_font'.
Inserting `luaotfload.aux.patch_cambria_domh' in `luaotfload.patch_font'.
Inserting `luaotfload.aux.fixup_fontdata' in `luaotfload.patch_font_unsafe'.
Inserting `luaotfload.aux.set_capheight' in `luaotfload.patch_font'.
Inserting `luaotfload.aux.set_xheight' in `luaotfload.patch_font'.
Inserting `luaotfload.rewrite_fontname' in `luaotfload.patch_font'.
Inserting `tracingstacklevels' in `input_level_string'. (./uetgraduation.cls
Document Class: uetgraduation 2024/12/31 LaTeX document class for Vietnam Natio
nal University, University of Engineering and Technology (VNU-UET) graduation d
ocuments. 
(./sizes.clo
File: sizes.clo 2024/12/31 Size definitions for UET graduation documents. 
\@ptsize=\skip49
luaotfload | db : Font names database loaded from C:/Users/haida/AppData/Local/M
iKTeX/luatex-cache/generic/names/luaotfload-names.luc.gz) (D:/MikTeX/tex/latex/
amsmath/amsmath.sty
Package: amsmath 2024/11/05 v2.17t AMS math features
\@mathmargin=\skip50

For additional information on amsmath, use the `?' option.
(D:/MikTeX/tex/latex/amsmath/amstext.sty
Package: amstext 2021/08/26 v2.01 AMS text

(D:/MikTeX/tex/latex/amsmath/amsgen.sty
File: amsgen.sty 1999/11/30 v2.0 generic functions
\@emptytoks=\toks17
\ex@=\dimen140
))
(D:/MikTeX/tex/latex/amsmath/amsbsy.sty
Package: amsbsy 1999/11/29 v1.2d Bold Symbols
\pmbraise@=\dimen141
)
(D:/MikTeX/tex/latex/amsmath/amsopn.sty
Package: amsopn 2022/04/08 v2.04 operator names
)
\inf@bad=\count194
LaTeX Info: Redefining \frac on input line 235.
\uproot@=\count195
\leftroot@=\count196
LaTeX Info: Redefining \overline on input line 398.
LaTeX Info: Redefining \colon on input line 409.
\classnum@=\count197
\DOTSCASE@=\count198
LaTeX Info: Redefining \ldots on input line 495.
LaTeX Info: Redefining \dots on input line 498.
LaTeX Info: Redefining \cdots on input line 619.
\Mathstrutbox@=\box52
\strutbox@=\box53
LaTeX Info: Redefining \big on input line 721.
LaTeX Info: Redefining \Big on input line 722.
LaTeX Info: Redefining \bigg on input line 723.
LaTeX Info: Redefining \Bigg on input line 724.
\big@size=\dimen142
LaTeX Font Info:    Redeclaring font encoding OML on input line 742.
LaTeX Font Info:    Redeclaring font encoding OMS on input line 743.
\macc@depth=\count199
LaTeX Info: Redefining \bmod on input line 904.
LaTeX Info: Redefining \pmod on input line 909.
LaTeX Info: Redefining \smash on input line 939.
LaTeX Info: Redefining \relbar on input line 969.
LaTeX Info: Redefining \Relbar on input line 970.
\c@MaxMatrixCols=\count266
\dotsspace@=\muskip17
\c@parentequation=\count267
\dspbrk@lvl=\count268
\tag@help=\toks18
\row@=\count269
\column@=\count270
\maxfields@=\count271
\andhelp@=\toks19
\eqnshift@=\dimen143
\alignsep@=\dimen144
\tagshift@=\dimen145
\tagwidth@=\dimen146
\totwidth@=\dimen147
\lineht@=\dimen148
\@envbody=\toks20
\multlinegap=\skip51
\multlinetaggap=\skip52
\mathdisplay@stack=\toks21
LaTeX Info: Redefining \[ on input line 2953.
LaTeX Info: Redefining \] on input line 2954.
) (D:/MikTeX/tex/latex/float/float.sty
Package: float 2001/11/08 v1.3d Float enhancements (AL)
\c@float@type=\count272
\float@exts=\toks22
\float@box=\box54
\@float@everytoks=\toks23
\@floatcapt=\box55
) (D:/MikTeX/tex/latex/geometry/geometry.sty
Package: geometry 2020/01/02 v5.9 Page Geometry

(D:/MikTeX/tex/latex/graphics/keyval.sty
Package: keyval 2022/05/29 v1.15 key=value parser (DPC)
\KV@toks@=\toks24
)
(D:/MikTeX/tex/generic/iftex/ifvtex.sty
Package: ifvtex 2019/10/25 v1.7 ifvtex legacy package. Use iftex instead.
 (D:/MikTeX/tex/generic/iftex/iftex.sty
Package: iftex 2024/12/12 v1.0g TeX engine tests
))
\Gm@cnth=\count273
\Gm@cntv=\count274
\c@Gm@tempcnt=\count275
\Gm@bindingoffset=\dimen149
\Gm@wd@mp=\dimen150
\Gm@odd@mp=\dimen151
\Gm@even@mp=\dimen152
\Gm@layoutwidth=\dimen153
\Gm@layoutheight=\dimen154
\Gm@layouthoffset=\dimen155
\Gm@layoutvoffset=\dimen156
\Gm@dimlist=\toks25
 (D:/MikTeX/tex/latex/geometry/geometry.cfg))
(D:/MikTeX/tex/latex/fontspec/fontspec.sty
(D:/MikTeX/tex/latex/l3packages/xparse/xparse.sty
(D:/MikTeX/tex/latex/l3kernel/expl3.sty
Package: expl3 2025-01-18 L3 programming layer (loader) 

(D:/MikTeX/tex/latex/l3backend/l3backend-luatex.def
File: l3backend-luatex.def 2024-05-08 L3 backend support: PDF output (LuaTeX)
\l__color_backend_stack_int=\count276
Inserting `l3color' in `luaotfload.parse_color'.
\l__pdf_internal_box=\box56
))
Package: xparse 2024-08-16 L3 Experimental document command parser
)
Package: fontspec 2024/05/11 v2.9e Font selection for XeLaTeX and LuaLaTeX
Lua module: fontspec 2024/05/11 v2.9e Font selection for XeLaTeX and LuaLaTeX
(D:/MikTeX/tex/latex/fontspec/fontspec-luatex.sty
Package: fontspec-luatex 2024/05/11 v2.9e Font selection for XeLaTeX and LuaLaT
eX
\l__fontspec_script_int=\count277
\l__fontspec_language_int=\count278
\l__fontspec_strnum_int=\count279
\l__fontspec_tmp_int=\count280
\l__fontspec_tmpa_int=\count281
\l__fontspec_tmpb_int=\count282
\l__fontspec_tmpc_int=\count283
\l__fontspec_em_int=\count284
\l__fontspec_emdef_int=\count285
\l__fontspec_strong_int=\count286
\l__fontspec_strongdef_int=\count287
\l__fontspec_tmpa_dim=\dimen157
\l__fontspec_tmpb_dim=\dimen158
\l__fontspec_tmpc_dim=\dimen159

(D:/MikTeX/tex/latex/base/fontenc.sty
Package: fontenc 2021/04/29 v2.0v Standard LaTeX package
)
(D:/MikTeX/tex/latex/fontspec/fontspec.cfg)))
(D:/MikTeX/tex/latex/graphics/graphicx.sty
Package: graphicx 2021/09/16 v1.2d Enhanced LaTeX Graphics (DPC,SPQR)

(D:/MikTeX/tex/latex/graphics/graphics.sty
Package: graphics 2024/08/06 v1.4g Standard LaTeX Graphics (DPC,SPQR)

(D:/MikTeX/tex/latex/graphics/trig.sty
Package: trig 2023/12/02 v1.11 sin cos tan (DPC)
)
(D:/MikTeX/tex/latex/graphics-cfg/graphics.cfg
File: graphics.cfg 2016/06/04 v1.11 sample graphics configuration
)
Package graphics Info: Driver file: luatex.def on input line 106.

(D:/MikTeX/tex/latex/graphics-def/luatex.def
File: luatex.def 2024/04/13 v1.2e Graphics/color driver for luatex
))
\Gin@req@height=\dimen160
\Gin@req@width=\dimen161
)
(D:/MikTeX/tex/latex/was/icomma.sty
Package: icomma 2002/03/10 v2.0 (WaS)
) (D:/MikTeX/tex/latex/tools/indentfirst.sty
Package: indentfirst 2023/07/02 v1.03 Indent first paragraph (DPC)
) (D:/MikTeX/tex/latex/mathfont/mathfont.sty
Package: mathfont 2025/04/03 v. 2.4 Package mathfont
\M@loader=\count288
Package mathfont Info: Package fontspec was requested for font loading.
Package mathfont Info: Package fontspec detected.
Package mathfont Info: Setting \g__fontspec_math_bool to false.
Package mathfont Info: Using fontspec as font-loader.
Package mathfont Info: Enabling Lua-based font adjustments.
Package mathfont Info: Adapting \set@mathchar for unicode.
Package mathfont Info: Adapting \set@mathsymbol for unicode.
Package mathfont Info: Adapting \set@mathaccent for unicode.
Package mathfont Info: Increasing upper bound on \DeclareSymbolFont to 256.
\surdbox=\box57
\M@count=\count289
\M@num@localfonts=\count290
\M@RuleThicknessFactor=\count291
\M@IntegralItalicFactor=\count292
\M@SurdVerticalFactor=\count293
\M@SurdHorizontalFactor=\count294
\radicandoffset=\muskip18
\M@Charm=\read2
\M@toks=\toks26
Inserting `mathfont.adjust_font' in `luaotfload.patch_font'.)
:: mathfont :: Using fontspec as font-loader.
:: mathfont :: Lua-based font adjustments enabled.
(D:/MikTeX/tex/latex/siunitx/siunitx.sty
Package: siunitx 2025-03-26 v3.4.8 A comprehensive (SI) units package
\l__siunitx_number_uncert_offset_int=\count295
\l__siunitx_number_exponent_fixed_int=\count296
\l__siunitx_number_min_decimal_int=\count297
\l__siunitx_number_min_integer_int=\count298
\l__siunitx_number_round_precision_int=\count299
\l__siunitx_number_lower_threshold_int=\count300
\l__siunitx_number_upper_threshold_int=\count301
\l__siunitx_number_group_first_int=\count302
\l__siunitx_number_group_size_int=\count303
\l__siunitx_number_group_minimum_int=\count304
\l__siunitx_angle_tmp_dim=\dimen162
\l__siunitx_angle_marker_box=\box58
\l__siunitx_angle_unit_box=\box59
\l__siunitx_compound_count_int=\count305

(D:/MikTeX/tex/latex/translations/translations.sty
Package: translations 2022/02/05 v1.12 internationalization of LaTeX2e packages
 (CN)

(D:/MikTeX/tex/latex/etoolbox/etoolbox.sty
Package: etoolbox 2025/02/11 v2.5l e-TeX tools for LaTeX (JAW)
\etb@tempcnta=\count306
)
(D:/MikTeX/tex/generic/pdftexcmds/pdftexcmds.sty
Package: pdftexcmds 2020-06-27 v0.33 Utility functions of pdfTeX for LuaTeX (HO
)

(D:/MikTeX/tex/generic/infwarerr/infwarerr.sty
Package: infwarerr 2019/12/03 v1.5 Providing info/warning/error messages (HO)
)
(D:/MikTeX/tex/generic/ltxcmds/ltxcmds.sty
Package: ltxcmds 2023-12-04 v1.26 LaTeX kernel commands for general use (HO)
)
Package pdftexcmds Info: \pdf@primitive is available.
Package pdftexcmds Info: \pdf@ifprimitive is available.
Package pdftexcmds Info: \pdfdraftmode found.
\pdftexcmds@toks=\toks27
))
\l__siunitx_table_tmp_box=\box60
\l__siunitx_table_tmp_dim=\dimen163
\l__siunitx_table_column_width_dim=\dimen164
\l__siunitx_table_integer_box=\box61
\l__siunitx_table_decimal_box=\box62
\l__siunitx_table_uncert_box=\box63
\l__siunitx_table_before_box=\box64
\l__siunitx_table_after_box=\box65
\l__siunitx_table_before_dim=\dimen165
\l__siunitx_table_carry_dim=\dimen166
\l__siunitx_unit_tmp_int=\count307
\l__siunitx_unit_position_int=\count308
\l__siunitx_unit_total_int=\count309

(D:/MikTeX/tex/latex/tools/array.sty
Package: array 2024/10/17 v2.6g Tabular extension package (FMi)
\col@sep=\dimen167
\ar@mcellbox=\box66
\extrarowheight=\dimen168
\NC@list=\toks28
\extratabsurround=\skip53
\backup@length=\skip54
\ar@cellbox=\box67
))
(D:/MikTeX/tex/latex/pgf/frontendlayer/tikz.sty
(D:/MikTeX/tex/latex/pgf/basiclayer/pgf.sty
(D:/MikTeX/tex/latex/pgf/utilities/pgfrcs.sty
(D:/MikTeX/tex/generic/pgf/utilities/pgfutil-common.tex
\pgfutil@everybye=\toks29
\pgfutil@tempdima=\dimen169
\pgfutil@tempdimb=\dimen170
)
(D:/MikTeX/tex/generic/pgf/utilities/pgfutil-latex.def
\pgfutil@abb=\box68
)
(D:/MikTeX/tex/generic/pgf/utilities/pgfrcs.code.tex
(D:/MikTeX/tex/generic/pgf/pgf.revision.tex)
Package: pgfrcs 2023-01-15 v3.1.10 (3.1.10)
))
Package: pgf 2023-01-15 v3.1.10 (3.1.10)

(D:/MikTeX/tex/latex/pgf/basiclayer/pgfcore.sty
(D:/MikTeX/tex/latex/pgf/systemlayer/pgfsys.sty
(D:/MikTeX/tex/generic/pgf/systemlayer/pgfsys.code.tex
Package: pgfsys 2023-01-15 v3.1.10 (3.1.10)

(D:/MikTeX/tex/generic/pgf/utilities/pgfkeys.code.tex
\pgfkeys@pathtoks=\toks30
\pgfkeys@temptoks=\toks31

(D:/MikTeX/tex/generic/pgf/utilities/pgfkeyslibraryfiltered.code.tex
\pgfkeys@tmptoks=\toks32
))
\pgf@x=\dimen171
\pgf@y=\dimen172
\pgf@xa=\dimen173
\pgf@ya=\dimen174
\pgf@xb=\dimen175
\pgf@yb=\dimen176
\pgf@xc=\dimen177
\pgf@yc=\dimen178
\pgf@xd=\dimen179
\pgf@yd=\dimen180
\w@pgf@writea=\write3
\r@pgf@reada=\read3
\c@pgf@counta=\count310
\c@pgf@countb=\count311
\c@pgf@countc=\count312
\c@pgf@countd=\count313
\t@pgf@toka=\toks33
\t@pgf@tokb=\toks34
\t@pgf@tokc=\toks35
\pgf@sys@id@count=\count314

(D:/MikTeX/tex/generic/pgf/systemlayer/pgf.cfg
File: pgf.cfg 2023-01-15 v3.1.10 (3.1.10)
)
Driver file for pgf: pgfsys-luatex.def

(D:/MikTeX/tex/generic/pgf/systemlayer/pgfsys-luatex.def
File: pgfsys-luatex.def 2023-01-15 v3.1.10 (3.1.10)

(D:/MikTeX/tex/generic/pgf/systemlayer/pgfsys-common-pdf.def
File: pgfsys-common-pdf.def 2023-01-15 v3.1.10 (3.1.10)
)))
(D:/MikTeX/tex/generic/pgf/systemlayer/pgfsyssoftpath.code.tex
File: pgfsyssoftpath.code.tex 2023-01-15 v3.1.10 (3.1.10)
\pgfsyssoftpath@smallbuffer@items=\count315
\pgfsyssoftpath@bigbuffer@items=\count316
)
(D:/MikTeX/tex/generic/pgf/systemlayer/pgfsysprotocol.code.tex
File: pgfsysprotocol.code.tex 2023-01-15 v3.1.10 (3.1.10)
))
(D:/MikTeX/tex/latex/xcolor/xcolor.sty
Package: xcolor 2024/09/29 v3.02 LaTeX color extensions (UK)

(D:/MikTeX/tex/latex/graphics-cfg/color.cfg
File: color.cfg 2016/01/02 v1.6 sample color configuration
)
Package xcolor Info: Driver file: luatex.def on input line 274.

(D:/MikTeX/tex/latex/graphics/mathcolor.ltx)
Package xcolor Info: Model `cmy' substituted by `cmy0' on input line 1349.
Package xcolor Info: Model `hsb' substituted by `rgb' on input line 1353.
Package xcolor Info: Model `RGB' extended on input line 1365.
Package xcolor Info: Model `HTML' substituted by `rgb' on input line 1367.
Package xcolor Info: Model `Hsb' substituted by `hsb' on input line 1368.
Package xcolor Info: Model `tHsb' substituted by `hsb' on input line 1369.
Package xcolor Info: Model `HSB' substituted by `hsb' on input line 1370.
Package xcolor Info: Model `Gray' substituted by `gray' on input line 1371.
Package xcolor Info: Model `wave' substituted by `hsb' on input line 1372.
)
(D:/MikTeX/tex/generic/pgf/basiclayer/pgfcore.code.tex
Package: pgfcore 2023-01-15 v3.1.10 (3.1.10)

(D:/MikTeX/tex/generic/pgf/math/pgfmath.code.tex
(D:/MikTeX/tex/generic/pgf/math/pgfmathutil.code.tex)
(D:/MikTeX/tex/generic/pgf/math/pgfmathparser.code.tex
\pgfmath@dimen=\dimen181
\pgfmath@count=\count317
\pgfmath@box=\box69
\pgfmath@toks=\toks36
\pgfmath@stack@operand=\toks37
\pgfmath@stack@operation=\toks38
)
(D:/MikTeX/tex/generic/pgf/math/pgfmathfunctions.code.tex)
(D:/MikTeX/tex/generic/pgf/math/pgfmathfunctions.basic.code.tex)
(D:/MikTeX/tex/generic/pgf/math/pgfmathfunctions.trigonometric.code.tex)
(D:/MikTeX/tex/generic/pgf/math/pgfmathfunctions.random.code.tex)
(D:/MikTeX/tex/generic/pgf/math/pgfmathfunctions.comparison.code.tex)
(D:/MikTeX/tex/generic/pgf/math/pgfmathfunctions.base.code.tex)
(D:/MikTeX/tex/generic/pgf/math/pgfmathfunctions.round.code.tex)
(D:/MikTeX/tex/generic/pgf/math/pgfmathfunctions.misc.code.tex)
(D:/MikTeX/tex/generic/pgf/math/pgfmathfunctions.integerarithmetics.code.tex)
(D:/MikTeX/tex/generic/pgf/math/pgfmathcalc.code.tex)
(D:/MikTeX/tex/generic/pgf/math/pgfmathfloat.code.tex
\c@pgfmathroundto@lastzeros=\count318
))
(D:/MikTeX/tex/generic/pgf/math/pgfint.code.tex)
(D:/MikTeX/tex/generic/pgf/basiclayer/pgfcorepoints.code.tex
File: pgfcorepoints.code.tex 2023-01-15 v3.1.10 (3.1.10)
\pgf@picminx=\dimen182
\pgf@picmaxx=\dimen183
\pgf@picminy=\dimen184
\pgf@picmaxy=\dimen185
\pgf@pathminx=\dimen186
\pgf@pathmaxx=\dimen187
\pgf@pathminy=\dimen188
\pgf@pathmaxy=\dimen189
\pgf@xx=\dimen190
\pgf@xy=\dimen191
\pgf@yx=\dimen192
\pgf@yy=\dimen193
\pgf@zx=\dimen194
\pgf@zy=\dimen195
)
(D:/MikTeX/tex/generic/pgf/basiclayer/pgfcorepathconstruct.code.tex
File: pgfcorepathconstruct.code.tex 2023-01-15 v3.1.10 (3.1.10)
\pgf@path@lastx=\dimen196
\pgf@path@lasty=\dimen197
)
(D:/MikTeX/tex/generic/pgf/basiclayer/pgfcorepathusage.code.tex
File: pgfcorepathusage.code.tex 2023-01-15 v3.1.10 (3.1.10)
\pgf@shorten@end@additional=\dimen198
\pgf@shorten@start@additional=\dimen199
)
(D:/MikTeX/tex/generic/pgf/basiclayer/pgfcorescopes.code.tex
File: pgfcorescopes.code.tex 2023-01-15 v3.1.10 (3.1.10)
\pgfpic=\box70
\pgf@hbox=\box71
\pgf@layerbox@main=\box72
\pgf@picture@serial@count=\count319
)
(D:/MikTeX/tex/generic/pgf/basiclayer/pgfcoregraphicstate.code.tex
File: pgfcoregraphicstate.code.tex 2023-01-15 v3.1.10 (3.1.10)
\pgflinewidth=\dimen256
)
(D:/MikTeX/tex/generic/pgf/basiclayer/pgfcoretransformations.code.tex
File: pgfcoretransformations.code.tex 2023-01-15 v3.1.10 (3.1.10)
\pgf@pt@x=\dimen257
\pgf@pt@y=\dimen258
\pgf@pt@temp=\dimen259
)
(D:/MikTeX/tex/generic/pgf/basiclayer/pgfcorequick.code.tex
File: pgfcorequick.code.tex 2023-01-15 v3.1.10 (3.1.10)
)
(D:/MikTeX/tex/generic/pgf/basiclayer/pgfcoreobjects.code.tex
File: pgfcoreobjects.code.tex 2023-01-15 v3.1.10 (3.1.10)
)
(D:/MikTeX/tex/generic/pgf/basiclayer/pgfcorepathprocessing.code.tex
File: pgfcorepathprocessing.code.tex 2023-01-15 v3.1.10 (3.1.10)
)
(D:/MikTeX/tex/generic/pgf/basiclayer/pgfcorearrows.code.tex
File: pgfcorearrows.code.tex 2023-01-15 v3.1.10 (3.1.10)
\pgfarrowsep=\dimen260
)
(D:/MikTeX/tex/generic/pgf/basiclayer/pgfcoreshade.code.tex
File: pgfcoreshade.code.tex 2023-01-15 v3.1.10 (3.1.10)
\pgf@max=\dimen261
\pgf@sys@shading@range@num=\count320
\pgf@shadingcount=\count321
)
(D:/MikTeX/tex/generic/pgf/basiclayer/pgfcoreimage.code.tex
File: pgfcoreimage.code.tex 2023-01-15 v3.1.10 (3.1.10)
)
(D:/MikTeX/tex/generic/pgf/basiclayer/pgfcoreexternal.code.tex
File: pgfcoreexternal.code.tex 2023-01-15 v3.1.10 (3.1.10)
\pgfexternal@startupbox=\box73
)
(D:/MikTeX/tex/generic/pgf/basiclayer/pgfcorelayers.code.tex
File: pgfcorelayers.code.tex 2023-01-15 v3.1.10 (3.1.10)
)
(D:/MikTeX/tex/generic/pgf/basiclayer/pgfcoretransparency.code.tex
File: pgfcoretransparency.code.tex 2023-01-15 v3.1.10 (3.1.10)
)
(D:/MikTeX/tex/generic/pgf/basiclayer/pgfcorepatterns.code.tex
File: pgfcorepatterns.code.tex 2023-01-15 v3.1.10 (3.1.10)
)
(D:/MikTeX/tex/generic/pgf/basiclayer/pgfcorerdf.code.tex
File: pgfcorerdf.code.tex 2023-01-15 v3.1.10 (3.1.10)
)))
(D:/MikTeX/tex/generic/pgf/modules/pgfmoduleshapes.code.tex
File: pgfmoduleshapes.code.tex 2023-01-15 v3.1.10 (3.1.10)
\pgfnodeparttextbox=\box74
)
(D:/MikTeX/tex/generic/pgf/modules/pgfmoduleplot.code.tex
File: pgfmoduleplot.code.tex 2023-01-15 v3.1.10 (3.1.10)
)
(D:/MikTeX/tex/latex/pgf/compatibility/pgfcomp-version-0-65.sty
Package: pgfcomp-version-0-65 2023-01-15 v3.1.10 (3.1.10)
\pgf@nodesepstart=\dimen262
\pgf@nodesepend=\dimen263
)
(D:/MikTeX/tex/latex/pgf/compatibility/pgfcomp-version-1-18.sty
Package: pgfcomp-version-1-18 2023-01-15 v3.1.10 (3.1.10)
))
(D:/MikTeX/tex/latex/pgf/utilities/pgffor.sty
(D:/MikTeX/tex/latex/pgf/utilities/pgfkeys.sty
(D:/MikTeX/tex/generic/pgf/utilities/pgfkeys.code.tex))
(D:/MikTeX/tex/latex/pgf/math/pgfmath.sty
(D:/MikTeX/tex/generic/pgf/math/pgfmath.code.tex))
(D:/MikTeX/tex/generic/pgf/utilities/pgffor.code.tex
Package: pgffor 2023-01-15 v3.1.10 (3.1.10)
\pgffor@iter=\dimen264
\pgffor@skip=\dimen265
\pgffor@stack=\toks39
\pgffor@toks=\toks40
))
(D:/MikTeX/tex/generic/pgf/frontendlayer/tikz/tikz.code.tex
Package: tikz 2023-01-15 v3.1.10 (3.1.10)

(D:/MikTeX/tex/generic/pgf/libraries/pgflibraryplothandlers.code.tex
File: pgflibraryplothandlers.code.tex 2023-01-15 v3.1.10 (3.1.10)
\pgf@plot@mark@count=\count322
\pgfplotmarksize=\dimen266
)
\tikz@lastx=\dimen267
\tikz@lasty=\dimen268
\tikz@lastxsaved=\dimen269
\tikz@lastysaved=\dimen270
\tikz@lastmovetox=\dimen271
\tikz@lastmovetoy=\dimen272
\tikzleveldistance=\dimen273
\tikzsiblingdistance=\dimen274
\tikz@figbox=\box75
\tikz@figbox@bg=\box76
\tikz@tempbox=\box77
\tikz@tempbox@bg=\box78
\tikztreelevel=\count323
\tikznumberofchildren=\count324
\tikznumberofcurrentchild=\count325
\tikz@fig@count=\count326

(D:/MikTeX/tex/generic/pgf/modules/pgfmodulematrix.code.tex
File: pgfmodulematrix.code.tex 2023-01-15 v3.1.10 (3.1.10)
\pgfmatrixcurrentrow=\count327
\pgfmatrixcurrentcolumn=\count328
\pgf@matrix@numberofcolumns=\count329
)
\tikz@expandcount=\count330

(D:/MikTeX/tex/generic/pgf/frontendlayer/tikz/libraries/tikzlibrarytopaths.code
.tex
File: tikzlibrarytopaths.code.tex 2023-01-15 v3.1.10 (3.1.10)
)))
(D:/MikTeX/tex/generic/pgf/frontendlayer/tikz/libraries/tikzlibrarycalc.code.te
x
File: tikzlibrarycalc.code.tex 2023-01-15 v3.1.10 (3.1.10)
) (D:/MikTeX/tex/latex/multirow/multirow.sty
Package: multirow 2024/11/12 v2.9 Span multiple rows of a table
\multirow@colwidth=\skip55
\multirow@cntb=\count331
\multirow@dima=\skip56
\bigstrutjot=\dimen275
)
(D:/MikTeX/tex/latex/listings/listings.sty
\lst@mode=\count332
\lst@gtempboxa=\box79
\lst@token=\toks41
\lst@length=\count333
\lst@currlwidth=\dimen276
\lst@column=\count334
\lst@pos=\count335
\lst@lostspace=\dimen277
\lst@width=\dimen278
\lst@newlines=\count336
\lst@lineno=\count337
\abovecaptionskip=\skip57
\belowcaptionskip=\skip58
\lst@maxwidth=\dimen279

(D:/MikTeX/tex/latex/listings/lstpatch.sty
File: lstpatch.sty 2024/09/23 1.10c (Carsten Heinz)
)
(D:/MikTeX/tex/latex/listings/lstmisc.sty
File: lstmisc.sty 2024/09/23 1.10c (Carsten Heinz)
\c@lstnumber=\count338
\lst@skipnumbers=\count339
\lst@framebox=\box80
)
(D:/MikTeX/tex/latex/listings/listings.cfg
File: listings.cfg 2024/09/23 1.10c listings configuration
))
Package: listings 2024/09/23 1.10c (Carsten Heinz)
Inserting `custom_math_constants' in `mathfont.add_math_constants'.
luaotfload | cache : Lookup cache loaded from C:/Users/haida/AppData/Local/MiKTe
X/luatex-cache/generic/names/luaotfload-lookup-cache.luc.
Package mathfont Info: Adjusting font Times New Roman.
Package mathfont Info: Adjusting font Times New Roman.
Package mathfont Info: Adjusting font Times New Roman.
Package mathfont Info: Adjusting font Times New Roman Bold Italic.
Package mathfont Info: Adjusting font Times New Roman Bold.
Package mathfont Info: Adjusting font Times New Roman Italic.
Package mathfont Info: Adjusting font Times New Roman.
Package mathfont Info: Adjusting font Times New Roman Bold.
Package mathfont Info: Adjusting font Times New Roman Italic.
Package mathfont Info: Adjusting font Times New Roman Bold Italic.

Package fontspec Info: 
(fontspec)             Font family 'TimesNewRoman(0)' created for font 'Times
(fontspec)             New Roman' with options [Ligatures=TeX].
(fontspec)              
(fontspec)              This font family consists of the following NFSS
(fontspec)             series/shapes:
(fontspec)              
(fontspec)             - 'normal' (m/n) with NFSS spec.: <->"name:Times New
(fontspec)             Roman:mode=node;script=latn;language=dflt;+tlig;"
(fontspec)             - 'small caps'  (m/sc) with NFSS spec.: <->"name:Times
(fontspec)             New
(fontspec)             Roman:mode=node;script=latn;language=dflt;+tlig;+smcp;"
(fontspec)             - 'bold' (b/n) with NFSS spec.: <->"name:Times New
(fontspec)             Roman/B:mode=node;script=latn;language=dflt;+tlig;"
(fontspec)             - 'bold small caps'  (b/sc) with NFSS spec.:
(fontspec)             <->"name:Times New
(fontspec)             Roman/B:mode=node;script=latn;language=dflt;+tlig;+smcp;
"
(fontspec)             - 'italic' (m/it) with NFSS spec.: <->"name:Times New
(fontspec)             Roman/I:mode=node;script=latn;language=dflt;+tlig;"
(fontspec)             - 'italic small caps'  (m/scit) with NFSS spec.:
(fontspec)             <->"name:Times New
(fontspec)             Roman/I:mode=node;script=latn;language=dflt;+tlig;+smcp;
"
(fontspec)             - 'bold italic' (b/it) with NFSS spec.: <->"name:Times
(fontspec)             New
(fontspec)             Roman/BI:mode=node;script=latn;language=dflt;+tlig;"
(fontspec)             - 'bold italic small caps'  (b/scit) with NFSS spec.:
(fontspec)             <->"name:Times New
(fontspec)             Roman/BI:mode=node;script=latn;language=dflt;+tlig;+smcp
;"

Package mathfont Info: Adjusting font Times New Roman.
Package mathfont Info: 
Passing Times New Roman to fontspec for handling!

Package fontspec Info: 
(fontspec)             Font family 'TimesNewRoman(1)' created for font 'Times
(fontspec)             New Roman' with options
(fontspec)             [Script=Latin,Language=Default,Ligatures={TeX,Common},Nu
mbers=Lining].
(fontspec)              
(fontspec)              This font family consists of the following NFSS
(fontspec)             series/shapes:
(fontspec)              
(fontspec)             - 'normal' (m/n) with NFSS spec.: <->"name:Times New
(fontspec)             Roman:mode=node;script=latn;language=dflt;+tlig;+liga;+l
num;"
(fontspec)             - 'small caps'  (m/sc) with NFSS spec.: <->"name:Times
(fontspec)             New
(fontspec)             Roman:mode=node;script=latn;language=dflt;+tlig;+liga;+l
num;+smcp;"
(fontspec)             - 'bold' (b/n) with NFSS spec.: <->"name:Times New
(fontspec)             Roman/B:mode=node;script=latn;language=dflt;+tlig;+liga;
+lnum;"
(fontspec)             - 'bold small caps'  (b/sc) with NFSS spec.:
(fontspec)             <->"name:Times New
(fontspec)             Roman/B:mode=node;script=latn;language=dflt;+tlig;+liga;
+lnum;+smcp;"
(fontspec)             - 'italic' (m/it) with NFSS spec.: <->"name:Times New
(fontspec)             Roman/I:mode=node;script=latn;language=dflt;+tlig;+liga;
+lnum;"
(fontspec)             - 'italic small caps'  (m/scit) with NFSS spec.:
(fontspec)             <->"name:Times New
(fontspec)             Roman/I:mode=node;script=latn;language=dflt;+tlig;+liga;
+lnum;+smcp;"
(fontspec)             - 'bold italic' (b/it) with NFSS spec.: <->"name:Times
(fontspec)             New
(fontspec)             Roman/BI:mode=node;script=latn;language=dflt;+tlig;+liga
;+lnum;"
(fontspec)             - 'bold italic small caps'  (b/scit) with NFSS spec.:
(fontspec)             <->"name:Times New
(fontspec)             Roman/BI:mode=node;script=latn;language=dflt;+tlig;+liga
;+lnum;+smcp;"

Package mathfont Info: Passing Times New Roman with Renderer=Base to fontspec f
or handling!
Package mathfont Info: Adjusting font Times New Roman-2.
Package mathfont Info: Adjusting font Times New Roman-2.
Package mathfont Info: Adjusting font Times New Roman-3.
Package mathfont Info: Adjusting font Times New Roman Bold Italic-4.
Package mathfont Info: Adjusting font Times New Roman Bold-3.
Package mathfont Info: Adjusting font Times New Roman Italic-4.
Package mathfont Info: Adjusting font Times New Roman-3.
Package mathfont Info: Adjusting font Times New Roman Bold-3.
Package mathfont Info: Adjusting font Times New Roman Italic-4.
Package mathfont Info: Adjusting font Times New Roman Bold Italic-4.

Package fontspec Info: 
(fontspec)             Font family 'TimesNewRoman(2)' created for font 'Times
(fontspec)             New Roman' with options
(fontspec)             [Script=Latin,Language=Default,Ligatures={TeX,Common},Nu
mbers=Lining,Renderer=Base].
(fontspec)              
(fontspec)              This font family consists of the following NFSS
(fontspec)             series/shapes:
(fontspec)              
(fontspec)             - 'normal' (m/n) with NFSS spec.: <->"name:Times New
(fontspec)             Roman:mode=base;script=latn;language=dflt;+tlig;+liga;+l
num;"
(fontspec)             - 'small caps'  (m/sc) with NFSS spec.: <->"name:Times
(fontspec)             New
(fontspec)             Roman:mode=base;script=latn;language=dflt;+tlig;+liga;+l
num;+smcp;"
(fontspec)             - 'bold' (b/n) with NFSS spec.: <->"name:Times New
(fontspec)             Roman/B:mode=base;script=latn;language=dflt;+tlig;+liga;
+lnum;"
(fontspec)             - 'bold small caps'  (b/sc) with NFSS spec.:
(fontspec)             <->"name:Times New
(fontspec)             Roman/B:mode=base;script=latn;language=dflt;+tlig;+liga;
+lnum;+smcp;"
(fontspec)             - 'italic' (m/it) with NFSS spec.: <->"name:Times New
(fontspec)             Roman/I:mode=base;script=latn;language=dflt;+tlig;+liga;
+lnum;"
(fontspec)             - 'italic small caps'  (m/scit) with NFSS spec.:
(fontspec)             <->"name:Times New
(fontspec)             Roman/I:mode=base;script=latn;language=dflt;+tlig;+liga;
+lnum;+smcp;"
(fontspec)             - 'bold italic' (b/it) with NFSS spec.: <->"name:Times
(fontspec)             New
(fontspec)             Roman/BI:mode=base;script=latn;language=dflt;+tlig;+liga
;+lnum;"
(fontspec)             - 'bold italic small caps'  (b/scit) with NFSS spec.:
(fontspec)             <->"name:Times New
(fontspec)             Roman/BI:mode=base;script=latn;language=dflt;+tlig;+liga
;+lnum;+smcp;"


Package mathfont Info: Declaring new symbol font from Times New Roman!
NFSS Family Name:  TimesNewRoman(2)
Series/Shape Info: m/it
Symbol Font Name:  Mitalic0

\symMitalic0=\mathgroup4
Package mathfont Info: Setting upper chars to Times New Roman!
Package mathfont Info: Setting lower chars to Times New Roman!
LaTeX Font Info:    Redeclaring math symbol \imath on input line 38.
LaTeX Font Info:    Redeclaring math symbol \jmath on input line 38.
LaTeX Font Info:    Redeclaring math symbol \hbar on input line 38.

Package mathfont Info: Declaring new symbol font from Times New Roman!
NFSS Family Name:  TimesNewRoman(2)
Series/Shape Info: m/n
Symbol Font Name:  Mupright0

\symMupright0=\mathgroup5
Package mathfont Info: Setting digits chars to Times New Roman!


:: mathfont :: Using font Times New Roman on line 38.
Character classes changed:
upper (italic)
lower (italic)
digits (upright)
\c@firstContentPageIndex=\count340
\customfontsize=\skip59
LaTeX Info: Redefining \title on input line 98.
LaTeX Info: Redefining \year on input line 101.
\c@chapter=\count341
\c@section=\count342
\c@subsection=\count343
\c@a@figure=\count344
\c@a@table=\count345
\c@bibitem=\count346
)
Package translations Info: No language package found. I am going to use `englis
h' as default language. on input line 19.
 (d:/Learn/thesis/uet-graduation-latex/build/main.aux)
\openout1 = main.aux

LaTeX Font Info:    Checking defaults for OML/cmm/m/it on input line 19.
LaTeX Font Info:    ... okay on input line 19.
LaTeX Font Info:    Checking defaults for OMS/cmsy/m/n on input line 19.
LaTeX Font Info:    ... okay on input line 19.
LaTeX Font Info:    Checking defaults for OT1/cmr/m/n on input line 19.
LaTeX Font Info:    ... okay on input line 19.
LaTeX Font Info:    Checking defaults for T1/cmr/m/n on input line 19.
LaTeX Font Info:    ... okay on input line 19.
LaTeX Font Info:    Checking defaults for TS1/cmr/m/n on input line 19.
LaTeX Font Info:    ... okay on input line 19.
LaTeX Font Info:    Checking defaults for TU/lmr/m/n on input line 19.
LaTeX Font Info:    ... okay on input line 19.
LaTeX Font Info:    Checking defaults for OMX/cmex/m/n on input line 19.
LaTeX Font Info:    ... okay on input line 19.
LaTeX Font Info:    Checking defaults for U/cmr/m/n on input line 19.
LaTeX Font Info:    ... okay on input line 19.

*geometry* driver: auto-detecting
*geometry* detected driver: luatex
*geometry* verbose mode - [ preamble ] result:
* driver: luatex
* paper: a4paper
* layout: <same size as paper>
* layoutoffset:(h,v)=(0.0pt,0.0pt)
* modes: includefoot 
* h-part:(L,W,R)=(85.35826pt, 455.24411pt, 56.9055pt)
* v-part:(T,H,B)=(71.13188pt, 717.00946pt, 56.9055pt)
* \paperwidth=597.50787pt
* \paperheight=845.04684pt
* \textwidth=455.24411pt
* \textheight=688.55672pt
* \oddsidemargin=13.08827pt
* \evensidemargin=13.08827pt
* \topmargin=-38.1381pt
* \headheight=12.0pt
* \headsep=25.0pt
* \topskip=12.0pt
* \footskip=28.45274pt
* \marginparwidth=90.0pt
* \marginparsep=10.0pt
* \columnsep=0.0pt
* \skip\footins=10.0pt plus 4.0pt minus 2.0pt
* \hoffset=0.0pt
* \voffset=0.0pt
* \mag=1000
* \@twocolumnfalse
* \@twosidefalse
* \@mparswitchfalse
* \@reversemarginfalse
* (1in=72.27pt=25.4mm, 1cm=28.453pt)

(D:/MikTeX/tex/context/base/mkii/supp-pdf.mkii
[Loading MPS to PDF converter (version 2006.09.02).]
\scratchcounter=\count347
\scratchdimen=\dimen280
\scratchbox=\box81
\nofMPsegments=\count348
\nofMParguments=\count349
\everyMPshowfont=\toks42
\MPscratchCnt=\count350
\MPscratchDim=\dimen281
\MPnumerator=\count351
\makeMPintoPDFobject=\count352
\everyMPtoPDFconversion=\toks43
) (D:/MikTeX/tex/latex/epstopdf-pkg/epstopdf-base.sty
Package: epstopdf-base 2020-01-24 v2.11 Base part for package epstopdf
Package epstopdf-base Info: Redefining graphics rule for `.eps' on input line 4
85.

(D:/MikTeX/tex/latex/00miktex/epstopdf-sys.cfg
File: epstopdf-sys.cfg 2021/03/18 v2.0 Configuration of epstopdf for MiKTeX
))
Package mathfont Info: Restoring \Umathcode values for \mathcal.

********************************************
* Changes made by mathfont in the preamble *
********************************************

Fonts for character classes:
upper               Set to Times New Roman, italic shape
lower               Set to Times New Roman, italic shape
diacritics          No change
greekupper          No change
greeklower          No change
agreekupper         No change
agreeklower         No change
cyrillicupper       No change
cyrilliclower       No change
hebrew              No change
digits              Set to Times New Roman, upright shape
operator            No change
delimiters          No change
radical             No change
bigops              No change
extbigops           No change
symbols             No change
extsymbols          No change
arrows              No change
bb                  No change
cal                 No change
frak                No change
bcal                No change
bfrak               No change

Local font-change commands:
No local font change commands declared.


(D:/MikTeX/tex/latex/translations/dicts/translations-basic-dictionary-english.t
rsl
File: translations-basic-dictionary-english.trsl (english translation file `tra
nslations-basic-dictionary')
)
Package translations Info: loading dictionary `translations-basic-dictionary' f
or `english'. on input line 19.
\c@lstlisting=\count353
Package mathfont Info: Adjusting font Times New Roman.
Package mathfont Info: Adjusting font Times New Roman Bold.
<UET logo.pdf, id=4, 142.26378pt x 142.26378pt>
File: UET logo.pdf Graphic file (type pdf)
<use UET logo.pdf>
Package luatex.def Info: UET logo.pdf  used on input line 22.
(luatex.def)             Requested size: 85.35892pt x 85.35892pt.
Package mathfont Info: Adjusting font Times New Roman.
Package mathfont Info: Adjusting font Times New Roman Bold.
Package mathfont Info: Adjusting font Times New Roman.
Package mathfont Info: Adjusting font Times New Roman Bold.

[1{C:/Users/haida/AppData/Local/MiKTeX/fonts/map/pdftex/pdftex.map}<./UET logo.p
df>]

[2

]

[3

]
Package mathfont Info: Adjusting font Times New Roman Bold.
Package mathfont Info: Adjusting font Times New Roman Italic.
Package mathfont Info: Adjusting font Times New Roman Bold Italic.
Underfull \hbox (badness 1946) in paragraph at lines 28--30
[]\TU/TimesNewRoman(0)/b/it/12 Từ khóa: \TU/TimesNewRoman(0)/m/it/12 Microser
vice, Mẫu giao tiếp, Kiến trúc phần mềm, REST, Message Queue,
 []



[4


]
Underfull \hbox (badness 1308) in paragraph at lines 32--33
[]\TU/TimesNewRoman(0)/b/n/12 Abstract: \TU/TimesNewRoman(0)/m/n/12 Microservice
 architecture has become a significant trend in modern software
 []


Underfull \hbox (badness 1527) in paragraph at lines 32--33
\TU/TimesNewRoman(0)/m/n/12 One of the main challenges in this architecture is 
selecting and implementing suitable
 []


Underfull \hbox (badness 2035) in paragraph at lines 32--33
\TU/TimesNewRoman(0)/m/n/12 communication patterns between microservices. This 
thesis focuses on researching and
 []


Underfull \hbox (badness 1292) in paragraph at lines 32--33
\TU/TimesNewRoman(0)/m/n/12 communication pattern through implementation and tes
ting of real-world scenarios such
 []


Underfull \hbox (badness 1609) in paragraph at lines 32--33
\TU/TimesNewRoman(0)/m/n/12 patterns for different business contexts, contributi
ng to improving the performance and
 []



[5

]
Package mathfont Info: Adjusting font Times New Roman.
Package mathfont Info: Adjusting font Times New Roman Bold. (d:/Learn/thesis/ue
t-graduation-latex/build/main.toc
LaTeX Font Info:    Calculating math sizes for size <13> on input line 1.


LaTeX Font Warning: Font shape `OT1/cmr/m/n' in size <13> not available
(Font)              size <12> substituted on input line 1.


LaTeX Font Warning: Font shape `OT1/cmr/m/n' in size <6.5> not available
(Font)              size <6> substituted on input line 1.


LaTeX Font Warning: Font shape `OML/cmm/m/it' in size <13> not available
(Font)              size <12> substituted on input line 1.


LaTeX Font Warning: Font shape `OML/cmm/m/it' in size <6.5> not available
(Font)              size <6> substituted on input line 1.


LaTeX Font Warning: Font shape `OMS/cmsy/m/n' in size <13> not available
(Font)              size <12> substituted on input line 1.


LaTeX Font Warning: Font shape `OMS/cmsy/m/n' in size <6.5> not available
(Font)              size <6> substituted on input line 1.


LaTeX Font Warning: Font shape `OMX/cmex/m/n' in size <13> not available
(Font)              size <12> substituted on input line 1.

Package mathfont Info: Adjusting font Times New Roman Italic-5.
Package mathfont Info: Adjusting font Times New Roman Italic-5.
Package mathfont Info: Adjusting font Times New Roman Italic-5.
Package mathfont Info: Adjusting font Times New Roman-6.
Package mathfont Info: Adjusting font Times New Roman-6.
Package mathfont Info: Adjusting font Times New Roman-6.

[6

]

[7])
\tf@toc=\write4

\openout4 = main.toc


[8] (d:/Learn/thesis/uet-graduation-latex/build/main.lof)
\tf@lof=\write5

\openout5 = main.lof


[9

] (d:/Learn/thesis/uet-graduation-latex/build/main.lot)
\tf@lot=\write6

\openout6 = main.lot


[10

]
Package mathfont Info: Adjusting font Times New Roman Italic. (./chapters/chapt
er1.tex

[11


]
Package mathfont Info: Adjusting font Times New Roman.
Package mathfont Info: Adjusting font Times New Roman Bold. (./chapters/chapter
1/1.1.tex

[1

]) (./chapters/chapter1/1.2.tex

[2]) (./chapters/chapter1/1.3.tex

[3]) (./chapters/chapter1/1.4.tex) (./chapters/chapter1/1.5.tex

[4]) (./chapters/chapter1/1.6.tex)) (./chapters/chapter2.tex

[5] (./chapters/chapter2/2.1.tex
Package mathfont Info: Adjusting font Times New Roman.
Package mathfont Info: Adjusting font Times New Roman Bold.

[6

]

[7]) (./chapters/chapter2/2.2.tex

[8]

[9]

[10]

[11]) (./chapters/chapter2/2.3.tex

[12]

[13]) (./chapters/chapter2/2.4.tex

[14]
Underfull \hbox (badness 1515) in paragraph at lines 13--14
[]\TU/TimesNewRoman(0)/m/n/13 Chúng ta đã đi sâu vào các mẫu giao ti
ếp cụ thể trong microservices, bao
 []



[15])) (./chapters/chapter3.tex

[16] (./chapters/chapter3/3.1.tex
Underfull \hbox (badness 1748) in paragraph at lines 4--5
[]\TU/TimesNewRoman(0)/m/n/13 Các mẫu giao tiếp trong microservices có th
ể được phân loại dựa trên hai
 []


Overfull \hbox (1.86925pt too wide) in paragraph at lines 11--20
 [][] 
 []



[17

]

[18]

[19]) (./chapters/chapter3/3.2.tex

[20]

[21]

[22]

[23]

[24]

[25]) (./chapters/chapter3/3.3.tex

[26]

[27]

[28]

[29]

[30]) (./chapters/chapter3/3.4.tex
Underfull \hbox (badness 1377) in paragraph at lines 81--1
\TU/TimesNewRoman(0)/m/n/13 và reactive programming, tương lai của giao ti
ếp bất đồng bộ one-to-one trong
 []


Underfull \hbox (badness 1817) in paragraph at lines 2--3
[]\TU/TimesNewRoman(0)/m/n/13 Giao tiếp bất đồng bộ one-to-many là m
ô hình quan trọng trong kiến trúc
 []



[31]

[32]

[33]

[34]

[35]

[36]) (./chapters/chapter3/3.5.tex

[37])) (./chapters/chapter4.tex

[38] (./chapters/chapter4/4.1.tex

[39

]

[40]) (./chapters/chapter4/4.2.tex
Package mathfont Info: Adjusting font LMMono12-Regular.

[41]
Package mathfont Info: Adjusting font LMMono12-Regular.
Package mathfont Info: Adjusting font Times New Roman.
Package mathfont Info: Adjusting font Times New Roman.

[42]

[43]

[44]
Underfull \hbox (badness 10000) in paragraph at lines 179--180
[]\TU/TimesNewRoman(0)/m/n/13 Trong giao tiếp đồng bộ, Inventory Service cung c
ấp endpoint
 []



[45]

[46]

[47]
Underfull \hbox (badness 1527) in paragraph at lines 336--338
[]\TU/TimesNewRoman(0)/m/n/13 Notification Services Nhóm các dịch vụ th
ông báo bao gồm Email Service,
 []



[48]

[49]

[50]

[51]

[52]
Underfull \hbox (badness 1953) in paragraph at lines 528--529
[]\TU/TimesNewRoman(0)/m/n/13 Ví dụ, khi một đơn hàng được xác nh
ận, Order Service xuất bản sự kiện
 []



[53]

[54]

[55]) (./chapters/chapter4/4.3.tex

[56]
Underfull \hbox (badness 10000) in paragraph at lines 20--20
[]|\TU/TimesNewRoman(0)/b/n/13 Synchronous
 []


Underfull \hbox (badness 10000) in paragraph at lines 20--20
[]|\TU/TimesNewRoman(0)/b/n/13 Asynchronous
 []


Underfull \hbox (badness 10000) in paragraph at lines 22--22
[]|\TU/TimesNewRoman(0)/m/n/13 Average
 []


Underfull \hbox (badness 10000) in paragraph at lines 24--24
[]|\TU/TimesNewRoman(0)/m/n/13 95th Percentile
 []


Underfull \hbox (badness 10000) in paragraph at lines 26--26
[]|\TU/TimesNewRoman(0)/m/n/13 End-to-End
 []


Underfull \hbox (badness 10000) in paragraph at lines 28--29
[]|\TU/TimesNewRoman(0)/m/n/13 Sync cao hơn
 []


Underfull \hbox (badness 10000) in paragraph at lines 49--50
[]|\TU/TimesNewRoman(0)/m/n/13 Async tốt hơn
 []


Underfull \hbox (badness 10000) in paragraph at lines 55--55
[]|\TU/TimesNewRoman(0)/m/n/13 Eventual
 []


Underfull \hbox (badness 10000) in paragraph at lines 55--55
\TU/TimesNewRoman(0)/m/n/13 Consistency
 []


LaTeX Warning: `h' float specifier changed to `ht'.


Underfull \hbox (badness 10000) in paragraph at lines 74--74
[]|\TU/TimesNewRoman(0)/m/n/13 Average
 []


Underfull \hbox (badness 10000) in paragraph at lines 76--76
[]|\TU/TimesNewRoman(0)/m/n/13 95th Percentile
 []


Underfull \hbox (badness 10000) in paragraph at lines 78--78
[]|\TU/TimesNewRoman(0)/m/n/13 End-to-End
 []


Underfull \hbox (badness 7030) in paragraph at lines 80--81
[]|\TU/TimesNewRoman(0)/m/n/13 Async cao hơn
 []


Underfull \hbox (badness 10000) in paragraph at lines 82--83
[]|\TU/TimesNewRoman(0)/m/n/13 Sync ít hơn
 []


Underfull \hbox (badness 10000) in paragraph at lines 84--85
[]|\TU/TimesNewRoman(0)/m/n/13 Async ít hơn
 []



[57]

LaTeX Warning: `h' float specifier changed to `ht'.


Underfull \hbox (badness 10000) in paragraph at lines 103--103
[]|\TU/TimesNewRoman(0)/b/n/13 Multiple Sync
 []


Underfull \hbox (badness 10000) in paragraph at lines 103--103
[]|\TU/TimesNewRoman(0)/b/n/13 Pub/Sub Event
 []


Underfull \hbox (badness 10000) in paragraph at lines 105--105
[]|\TU/TimesNewRoman(0)/m/n/13 Average
 []


Underfull \hbox (badness 10000) in paragraph at lines 105--106
[]|\TU/TimesNewRoman(0)/m/n/13 Pub/Sub nhanh
 []


Underfull \hbox (badness 10000) in paragraph at lines 107--107
[]|\TU/TimesNewRoman(0)/m/n/13 95th Percentile
 []


Underfull \hbox (badness 10000) in paragraph at lines 107--108
[]|\TU/TimesNewRoman(0)/m/n/13 Pub/Sub nhanh
 []


Underfull \hbox (badness 10000) in paragraph at lines 109--109
[]|\TU/TimesNewRoman(0)/m/n/13 Maximum
 []


Underfull \hbox (badness 10000) in paragraph at lines 109--110
[]|\TU/TimesNewRoman(0)/m/n/13 Pub/Sub nhanh
 []


Underfull \hbox (badness 10000) in paragraph at lines 111--112
[]|\TU/TimesNewRoman(0)/m/n/13 Pub/Sub nhanh
 []


Underfull \hbox (badness 6961) in paragraph at lines 113--114
[]|\TU/TimesNewRoman(0)/m/n/13 Pub/Sub ít hơn
 []


Underfull \hbox (badness 6961) in paragraph at lines 115--116
[]|\TU/TimesNewRoman(0)/m/n/13 Pub/Sub ít hơn
 []


LaTeX Warning: `h' float specifier changed to `ht'.



[58]
Underfull \hbox (badness 5548) in paragraph at lines 136--136
[]|\TU/TimesNewRoman(0)/b/n/13 Kafka (One-to-
 []


Underfull \hbox (badness 10000) in paragraph at lines 136--136
[]|\TU/TimesNewRoman(0)/b/n/13 RabbitMQ
 []


Underfull \hbox (badness 10000) in paragraph at lines 138--138
[]|\TU/TimesNewRoman(0)/m/n/13 Total
 []


Underfull \hbox (badness 10000) in paragraph at lines 138--138
\TU/TimesNewRoman(0)/m/n/13 Distribution
 []


Underfull \hbox (badness 10000) in paragraph at lines 140--140
[]|\TU/TimesNewRoman(0)/m/n/13 95th Percentile
 []


Underfull \hbox (badness 10000) in paragraph at lines 144--145
[]|\TU/TimesNewRoman(0)/m/n/13 Kafka ít hơn
 []


Underfull \hbox (badness 10000) in paragraph at lines 146--147
[]|\TU/TimesNewRoman(0)/m/n/13 Kafka ít hơn
 []


LaTeX Warning: `h' float specifier changed to `ht'.



[59])) (./chapters/chapter5.tex

[60]

[61] (./chapters/chapter5/5.1.tex

[62

]) (./chapters/chapter5/5.2.tex

[63]

[64]) (./chapters/chapter5/5.3.tex

[65]

[66]

[67]))

[68]
Underfull \hbox (badness 10000) in paragraph at lines 110--113
[]\TU/TimesNewRoman(0)/m/n/13 Wolff, E., \TU/TimesNewRoman(0)/m/it/13 Microservi
ces: Flexible Software Architecture\TU/TimesNewRoman(0)/m/n/13 , Addison-Wesley
 []


Overfull \hbox (0.59705pt too wide) in paragraph at lines 115--119
[]\TU/TimesNewRoman(0)/m/n/13 Fowler, M., ``Microservices'', \TU/TimesNewRoman(
0)/m/it/13 https://martinfowler.com/articles/microservices.html\TU/TimesNewRoma
n(0)/m/n/13 ,
 []


Underfull \hbox (badness 1009) in paragraph at lines 167--170
[]\TU/TimesNewRoman(0)/m/n/13 Fowler, M., \TU/TimesNewRoman(0)/m/it/13 Patterns of Enterprise Application Architecture\TU/TimesNewRoman(0)/m/n/13 , Addison-Wesley
 []



[69

]

[70] (d:/Learn/thesis/uet-graduation-latex/build/main.aux)
 ***********
LaTeX2e <2024-11-01> patch level 2
L3 programming layer <2025-01-18>
 ***********


LaTeX Font Warning: Size substitutions with differences
(Font)              up to 1.0pt have occurred.

)

Here is how much of LuaTeX's memory you used:
 23051 strings out of 475506
 477755,1144653 words of node,token memory allocated
 490 words of node memory still in use:
   6 hlist, 2 vlist, 2 rule, 2 glue, 4 kern, 1 glyph, 8 attribute, 51 glue_spec,
 8 attribute_list, 2 write nodes
   avail lists: 2:5516,3:332,4:8476,5:7844,6:137,7:18493,8:1,9:23541,10:35,11:12
20
 45410 multiletter control sequences out of 65536+600000
 84 fonts using 40787387 bytes
 99i,14n,105p,1747b,670s stack positions out of 10000i,1000n,20000p,200000b,200000s
<d:/miktex/fonts/opentype/public/lm/lmmono12-regular.otf><C:/WINDOWS/Fonts/times
i.ttf><C:/WINDOWS/Fonts/timesbi.ttf><C:/WINDOWS/Fonts/times.ttf><C:/WINDOWS/Font
s/timesbd.ttf>
Output written on main.pdf (81 pages, 433922 bytes).

PDF statistics: 294 PDF objects out of 1000 (max. 8388607)
 0 named destinations out of 1000 (max. 131072)
 16 words of extra memory for PDF output out of 10000 (max. 100000000)

